<?xml version="1.0" encoding="UTF-8"?>
<testng-results ignored="0" total="13" passed="13" failed="0" skipped="0">
  <reporter-output>
  </reporter-output>
  <suite started-at="2024-05-21T21:42:02 IST" name="Surefire suite" finished-at="2024-05-21T21:43:11 IST" duration-ms="68473">
    <groups>
    </groups>
    <test started-at="2024-05-21T21:42:02 IST" name="Surefire test" finished-at="2024-05-21T21:43:11 IST" duration-ms="68473">
      <class name="checkingModules.ClickTest">
        <test-method is-config="true" signature="start()[pri:0, instance:checkingModules.ClickTest@3c22fc4c]" started-at="2024-05-21T21:42:02 IST" name="start" finished-at="2024-05-21T21:42:14 IST" duration-ms="11541" status="PASS">
          <reporter-output>
          </reporter-output>
        </test-method> <!-- start -->
        <test-method signature="click1()[pri:1, instance:checkingModules.ClickTest@3c22fc4c]" started-at="2024-05-21T21:42:14 IST" name="click1" finished-at="2024-05-21T21:42:17 IST" duration-ms="3085" status="PASS">
          <reporter-output>
          </reporter-output>
        </test-method> <!-- click1 -->
        <test-method signature="click2()[pri:2, instance:checkingModules.ClickTest@3c22fc4c]" started-at="2024-05-21T21:42:17 IST" name="click2" finished-at="2024-05-21T21:42:24 IST" duration-ms="7392" status="PASS">
          <reporter-output>
          </reporter-output>
        </test-method> <!-- click2 -->
        <test-method signature="click3()[pri:3, instance:checkingModules.ClickTest@3c22fc4c]" started-at="2024-05-21T21:42:24 IST" name="click3" finished-at="2024-05-21T21:42:29 IST" duration-ms="4767" status="PASS">
          <reporter-output>
          </reporter-output>
        </test-method> <!-- click3 -->
        <test-method signature="click4()[pri:4, instance:checkingModules.ClickTest@3c22fc4c]" started-at="2024-05-21T21:42:29 IST" name="click4" finished-at="2024-05-21T21:42:31 IST" duration-ms="2195" status="PASS">
          <reporter-output>
          </reporter-output>
        </test-method> <!-- click4 -->
        <test-method signature="click5()[pri:5, instance:checkingModules.ClickTest@3c22fc4c]" started-at="2024-05-21T21:42:31 IST" name="click5" finished-at="2024-05-21T21:42:34 IST" duration-ms="2810" status="PASS">
          <reporter-output>
          </reporter-output>
        </test-method> <!-- click5 -->
        <test-method signature="click6()[pri:6, instance:checkingModules.ClickTest@3c22fc4c]" started-at="2024-05-21T21:42:34 IST" name="click6" finished-at="2024-05-21T21:42:42 IST" duration-ms="7515" status="PASS">
          <reporter-output>
          </reporter-output>
        </test-method> <!-- click6 -->
        <test-method signature="click7()[pri:7, instance:checkingModules.ClickTest@3c22fc4c]" started-at="2024-05-21T21:42:42 IST" name="click7" finished-at="2024-05-21T21:42:46 IST" duration-ms="4728" status="PASS">
          <reporter-output>
          </reporter-output>
        </test-method> <!-- click7 -->
        <test-method signature="click8()[pri:8, instance:checkingModules.ClickTest@3c22fc4c]" started-at="2024-05-21T21:42:46 IST" name="click8" finished-at="2024-05-21T21:42:51 IST" duration-ms="4352" status="PASS">
          <reporter-output>
          </reporter-output>
        </test-method> <!-- click8 -->
        <test-method signature="click9()[pri:9, instance:checkingModules.ClickTest@3c22fc4c]" started-at="2024-05-21T21:42:51 IST" name="click9" finished-at="2024-05-21T21:42:53 IST" duration-ms="2611" status="PASS">
          <reporter-output>
          </reporter-output>
        </test-method> <!-- click9 -->
        <test-method signature="selectauthor()[pri:10, instance:checkingModules.ClickTest@3c22fc4c]" started-at="2024-05-21T21:42:53 IST" name="selectauthor" finished-at="2024-05-21T21:42:56 IST" duration-ms="2773" status="PASS">
          <reporter-output>
          </reporter-output>
        </test-method> <!-- selectauthor -->
        <test-method signature="bookselect()[pri:11, instance:checkingModules.ClickTest@3c22fc4c]" started-at="2024-05-21T21:42:56 IST" name="bookselect" finished-at="2024-05-21T21:42:59 IST" duration-ms="3078" status="PASS">
          <reporter-output>
          </reporter-output>
        </test-method> <!-- bookselect -->
        <test-method signature="qag()[pri:12, instance:checkingModules.ClickTest@3c22fc4c]" started-at="2024-05-21T21:42:59 IST" name="qag" finished-at="2024-05-21T21:43:08 IST" duration-ms="9126" status="PASS">
          <reporter-output>
          </reporter-output>
        </test-method> <!-- qag -->
        <test-method signature="buy()[pri:13, instance:checkingModules.ClickTest@3c22fc4c]" started-at="2024-05-21T21:43:08 IST" name="buy" finished-at="2024-05-21T21:43:10 IST" duration-ms="2144" status="PASS">
          <reporter-output>
          </reporter-output>
        </test-method> <!-- buy -->
        <test-method is-config="true" signature="End()[pri:0, instance:checkingModules.ClickTest@3c22fc4c]" started-at="2024-05-21T21:43:10 IST" name="End" finished-at="2024-05-21T21:43:11 IST" duration-ms="304" status="PASS">
          <reporter-output>
          </reporter-output>
        </test-method> <!-- End -->
      </class> <!-- checkingModules.ClickTest -->
    </test> <!-- Surefire test -->
  </suite> <!-- Surefire suite -->
</testng-results>
