<?xml version="1.0" encoding="UTF-8"?>
<testng-results ignored="0" total="13" passed="13" failed="0" skipped="0">
  <reporter-output>
  </reporter-output>
  <suite started-at="2024-05-22T08:36:46 IST" name="Default suite" finished-at="2024-05-22T08:38:13 IST" duration-ms="86876">
    <groups>
    </groups>
    <test started-at="2024-05-22T08:36:46 IST" name="Default test" finished-at="2024-05-22T08:38:13 IST" duration-ms="86876">
      <class name="checkingModules.ClickTest">
        <test-method is-config="true" signature="start()[pri:0, instance:checkingModules.ClickTest@1cf6d1be]" started-at="2024-05-22T08:36:46 IST" name="start" finished-at="2024-05-22T08:37:03 IST" duration-ms="17567" status="PASS">
          <reporter-output>
          </reporter-output>
        </test-method> <!-- start -->
        <test-method signature="click1()[pri:1, instance:checkingModules.ClickTest@1cf6d1be]" started-at="2024-05-22T08:37:03 IST" name="click1" finished-at="2024-05-22T08:37:07 IST" duration-ms="3452" status="PASS">
          <reporter-output>
          </reporter-output>
        </test-method> <!-- click1 -->
        <test-method signature="click2()[pri:2, instance:checkingModules.ClickTest@1cf6d1be]" started-at="2024-05-22T08:37:07 IST" name="click2" finished-at="2024-05-22T08:37:17 IST" duration-ms="10780" status="PASS">
          <reporter-output>
          </reporter-output>
        </test-method> <!-- click2 -->
        <test-method signature="click3()[pri:3, instance:checkingModules.ClickTest@1cf6d1be]" started-at="2024-05-22T08:37:17 IST" name="click3" finished-at="2024-05-22T08:37:23 IST" duration-ms="5568" status="PASS">
          <reporter-output>
          </reporter-output>
        </test-method> <!-- click3 -->
        <test-method signature="click4()[pri:4, instance:checkingModules.ClickTest@1cf6d1be]" started-at="2024-05-22T08:37:23 IST" name="click4" finished-at="2024-05-22T08:37:27 IST" duration-ms="3844" status="PASS">
          <reporter-output>
          </reporter-output>
        </test-method> <!-- click4 -->
        <test-method signature="click5()[pri:5, instance:checkingModules.ClickTest@1cf6d1be]" started-at="2024-05-22T08:37:27 IST" name="click5" finished-at="2024-05-22T08:37:30 IST" duration-ms="3025" status="PASS">
          <reporter-output>
          </reporter-output>
        </test-method> <!-- click5 -->
        <test-method signature="click6()[pri:6, instance:checkingModules.ClickTest@1cf6d1be]" started-at="2024-05-22T08:37:30 IST" name="click6" finished-at="2024-05-22T08:37:39 IST" duration-ms="8920" status="PASS">
          <reporter-output>
          </reporter-output>
        </test-method> <!-- click6 -->
        <test-method signature="click7()[pri:7, instance:checkingModules.ClickTest@1cf6d1be]" started-at="2024-05-22T08:37:39 IST" name="click7" finished-at="2024-05-22T08:37:44 IST" duration-ms="5516" status="PASS">
          <reporter-output>
          </reporter-output>
        </test-method> <!-- click7 -->
        <test-method signature="click8()[pri:8, instance:checkingModules.ClickTest@1cf6d1be]" started-at="2024-05-22T08:37:44 IST" name="click8" finished-at="2024-05-22T08:37:49 IST" duration-ms="4343" status="PASS">
          <reporter-output>
          </reporter-output>
        </test-method> <!-- click8 -->
        <test-method signature="click9()[pri:9, instance:checkingModules.ClickTest@1cf6d1be]" started-at="2024-05-22T08:37:49 IST" name="click9" finished-at="2024-05-22T08:37:51 IST" duration-ms="2605" status="PASS">
          <reporter-output>
          </reporter-output>
        </test-method> <!-- click9 -->
        <test-method signature="selectauthor()[pri:10, instance:checkingModules.ClickTest@1cf6d1be]" started-at="2024-05-22T08:37:51 IST" name="selectauthor" finished-at="2024-05-22T08:37:55 IST" duration-ms="4158" status="PASS">
          <reporter-output>
          </reporter-output>
        </test-method> <!-- selectauthor -->
        <test-method signature="bookselect()[pri:11, instance:checkingModules.ClickTest@1cf6d1be]" started-at="2024-05-22T08:37:55 IST" name="bookselect" finished-at="2024-05-22T08:38:00 IST" duration-ms="4022" status="PASS">
          <reporter-output>
          </reporter-output>
        </test-method> <!-- bookselect -->
        <test-method signature="qag()[pri:12, instance:checkingModules.ClickTest@1cf6d1be]" started-at="2024-05-22T08:38:00 IST" name="qag" finished-at="2024-05-22T08:38:09 IST" duration-ms="9405" status="PASS">
          <reporter-output>
          </reporter-output>
        </test-method> <!-- qag -->
        <test-method signature="buy()[pri:13, instance:checkingModules.ClickTest@1cf6d1be]" started-at="2024-05-22T08:38:09 IST" name="buy" finished-at="2024-05-22T08:38:12 IST" duration-ms="3141" status="PASS">
          <reporter-output>
          </reporter-output>
        </test-method> <!-- buy -->
        <test-method is-config="true" signature="End()[pri:0, instance:checkingModules.ClickTest@1cf6d1be]" started-at="2024-05-22T08:38:12 IST" name="End" finished-at="2024-05-22T08:38:13 IST" duration-ms="456" status="PASS">
          <reporter-output>
          </reporter-output>
        </test-method> <!-- End -->
      </class> <!-- checkingModules.ClickTest -->
    </test> <!-- Default test -->
  </suite> <!-- Default suite -->
</testng-results>
